TN:
SF:/Users/dancali/@/idancali/idancali.dev/react-chunky/src/config/api.js
FNF:0
FNH:0
DA:2,1
DA:3,1
DA:4,1
DA:5,1
DA:6,1
DA:7,1
DA:8,1
DA:9,1
LF:8
LH:8
BRF:0
BRH:0
end_of_record
TN:
SF:/Users/dancali/@/idancali/idancali.dev/react-chunky/src/config/generic.js
FNF:0
FNH:0
DA:2,1
DA:3,1
LF:2
LH:2
BRF:0
BRH:0
end_of_record
TN:
SF:/Users/dancali/@/idancali/idancali.dev/react-chunky/src/config/index.js
FN:1,(anonymous_0)
FN:2,(anonymous_2)
FNF:2
FNH:2
FNDA:2,(anonymous_0)
FNDA:8,(anonymous_2)
DA:1,4
DA:2,17
LF:2
LH:2
BRDA:1,0,0,2
BRDA:1,0,1,4
BRDA:2,1,0,8
BRDA:2,1,1,16
BRF:4
BRH:4
end_of_record
TN:
SF:/Users/dancali/@/idancali/idancali.dev/react-chunky/src/core/AppContainer.js
FN:18,(anonymous_11)
FNF:1
FNH:0
FNDA:0,(anonymous_11)
DA:1,1
DA:2,1
DA:3,1
DA:4,1
DA:5,1
DA:9,6
DA:13,2
DA:17,0
DA:18,0
DA:20,0
DA:23,0
DA:32,2
DA:33,1
DA:36,1
LF:14
LH:10
BRDA:9,0,0,2
BRDA:9,0,1,0
BRDA:32,1,0,1
BRDA:32,1,1,1
BRF:4
BRH:3
end_of_record
TN:
SF:/Users/dancali/@/idancali/idancali.dev/react-chunky/src/core/Error.js
FNF:0
FNH:0
DA:3,15
DA:6,5
DA:7,5
DA:8,5
LF:4
LH:4
BRDA:3,0,0,5
BRDA:3,0,1,0
BRF:2
BRH:1
end_of_record
TN:
SF:/Users/dancali/@/idancali/idancali.dev/react-chunky/src/data/actions/auth.js
FN:7,START_LOGIN_ACTION
FN:8,FAILED_LOGIN_ACTION
FN:9,SUCCESSFUL_LOGIN_ACTION
FN:11,authenticate
FN:12,(anonymous_4)
FN:20,(anonymous_5)
FN:23,(anonymous_6)
FNF:7
FNH:0
FNDA:0,START_LOGIN_ACTION
FNDA:0,FAILED_LOGIN_ACTION
FNDA:0,SUCCESSFUL_LOGIN_ACTION
FNDA:0,authenticate
FNDA:0,(anonymous_4)
FNDA:0,(anonymous_5)
FNDA:0,(anonymous_6)
DA:1,1
DA:3,1
DA:4,1
DA:5,1
DA:7,1
DA:8,1
DA:9,1
DA:12,0
DA:14,0
DA:17,0
DA:20,0
DA:23,0
LF:12
LH:7
BRF:0
BRH:0
end_of_record
TN:
SF:/Users/dancali/@/idancali/idancali.dev/react-chunky/src/data/actions/index.js
FN:1,(anonymous_0)
FN:2,(anonymous_2)
FNF:2
FNH:2
FNDA:22,(anonymous_0)
FNDA:22,(anonymous_2)
DA:1,26
DA:2,27
LF:2
LH:2
BRDA:1,0,0,4
BRDA:1,0,1,8
BRDA:2,1,0,4
BRDA:2,1,1,8
BRF:4
BRH:4
end_of_record
TN:
SF:/Users/dancali/@/idancali/idancali.dev/react-chunky/src/data/actions/user.js
FN:7,START_GETTING_USER_ACTION
FN:8,FAILED_TO_RECEIVE_USER_ACTION
FN:9,RECEIVED_USER_ACTION
FN:11,retrieveUser
FN:12,(anonymous_4)
FN:16,(anonymous_5)
FN:22,(anonymous_6)
FN:25,(anonymous_7)
FNF:8
FNH:0
FNDA:0,START_GETTING_USER_ACTION
FNDA:0,FAILED_TO_RECEIVE_USER_ACTION
FNDA:0,RECEIVED_USER_ACTION
FNDA:0,retrieveUser
FNDA:0,(anonymous_4)
FNDA:0,(anonymous_5)
FNDA:0,(anonymous_6)
FNDA:0,(anonymous_7)
DA:1,1
DA:3,1
DA:4,1
DA:5,1
DA:7,1
DA:8,1
DA:9,1
DA:12,0
DA:14,0
DA:16,0
DA:19,0
DA:22,0
DA:25,0
LF:13
LH:7
BRF:0
BRH:0
end_of_record
TN:
SF:/Users/dancali/@/idancali/idancali.dev/react-chunky/src/data/cache/auth.js
FN:4,retrieveAuthToken
FN:5,(anonymous_2)
FN:6,(anonymous_3)
FN:17,cacheAuthToken
FN:18,(anonymous_5)
FN:19,(anonymous_6)
FN:33,clearAuthToken
FN:34,(anonymous_8)
FN:35,(anonymous_9)
FN:46,retrieveCloudToken
FN:47,(anonymous_11)
FN:48,(anonymous_12)
FN:59,cacheCloudToken
FN:60,(anonymous_14)
FN:61,(anonymous_15)
FN:75,clearCloudToken
FN:76,(anonymous_17)
FN:77,(anonymous_18)
FNF:18
FNH:0
FNDA:0,retrieveAuthToken
FNDA:0,(anonymous_2)
FNDA:0,(anonymous_3)
FNDA:0,cacheAuthToken
FNDA:0,(anonymous_5)
FNDA:0,(anonymous_6)
FNDA:0,clearAuthToken
FNDA:0,(anonymous_8)
FNDA:0,(anonymous_9)
FNDA:0,retrieveCloudToken
FNDA:0,(anonymous_11)
FNDA:0,(anonymous_12)
FNDA:0,cacheCloudToken
FNDA:0,(anonymous_14)
FNDA:0,(anonymous_15)
FNDA:0,clearCloudToken
FNDA:0,(anonymous_17)
FNDA:0,(anonymous_18)
DA:1,1
DA:2,1
DA:5,0
DA:6,0
DA:7,0
DA:9,0
DA:10,0
DA:12,0
DA:18,0
DA:19,0
DA:21,0
DA:23,0
DA:24,0
DA:28,0
DA:34,0
DA:35,0
DA:36,0
DA:38,0
DA:39,0
DA:41,0
DA:47,0
DA:48,0
DA:49,0
DA:51,0
DA:52,0
DA:54,0
DA:60,0
DA:61,0
DA:63,0
DA:65,0
DA:66,0
DA:70,0
DA:76,0
DA:77,0
DA:78,0
DA:80,0
DA:81,0
DA:83,0
LF:38
LH:2
BRDA:7,0,0,0
BRDA:7,0,1,0
BRDA:7,1,0,0
BRDA:7,1,1,0
BRDA:21,2,0,0
BRDA:21,2,1,0
BRDA:36,3,0,0
BRDA:36,3,1,0
BRDA:49,4,0,0
BRDA:49,4,1,0
BRDA:49,5,0,0
BRDA:49,5,1,0
BRDA:63,6,0,0
BRDA:63,6,1,0
BRDA:78,7,0,0
BRDA:78,7,1,0
BRF:16
BRH:0
end_of_record
TN:
SF:/Users/dancali/@/idancali/idancali.dev/react-chunky/src/data/cache/index.js
FN:1,(anonymous_0)
FNF:1
FNH:1
FNDA:6,(anonymous_0)
DA:1,13
LF:1
LH:1
BRDA:1,0,0,6
BRDA:1,0,1,12
BRF:2
BRH:2
end_of_record
TN:
SF:/Users/dancali/@/idancali/idancali.dev/react-chunky/src/data/model/Token.js
FNF:0
FNH:0
DA:3,0
DA:4,0
DA:8,0
DA:12,0
DA:16,0
DA:20,0
DA:24,0
LF:7
LH:0
BRF:0
BRH:0
end_of_record
TN:
SF:/Users/dancali/@/idancali/idancali.dev/react-chunky/src/data/model/User.js
FNF:0
FNH:0
DA:3,0
DA:4,0
DA:8,0
DA:12,0
DA:16,0
DA:20,0
DA:24,0
DA:28,0
DA:32,0
LF:9
LH:0
BRF:0
BRH:0
end_of_record
TN:
SF:/Users/dancali/@/idancali/idancali.dev/react-chunky/src/data/operations/AuthenticateOperation.js
FNF:0
FNH:0
DA:1,1
DA:2,1
DA:3,1
DA:6,1
DA:7,1
DA:8,1
DA:14,0
DA:17,0
DA:19,0
DA:26,0
DA:27,0
DA:31,0
DA:36,0
DA:40,0
DA:44,0
LF:15
LH:6
BRDA:14,0,0,0
BRDA:14,0,1,0
BRDA:17,1,0,0
BRDA:17,1,1,0
BRDA:17,2,0,0
BRDA:17,2,1,0
BRF:6
BRH:0
end_of_record
TN:
SF:/Users/dancali/@/idancali/idancali.dev/react-chunky/src/data/operations/RemoteOperation.js
FN:33,(anonymous_9)
FN:34,(anonymous_10)
FN:40,(anonymous_12)
FN:44,(anonymous_13)
FN:88,(anonymous_19)
FN:89,(anonymous_20)
FN:101,(anonymous_21)
FN:104,(anonymous_22)
FN:107,(anonymous_23)
FN:112,(anonymous_25)
FN:115,(anonymous_26)
FN:118,(anonymous_27)
FN:122,(anonymous_28)
FN:123,(anonymous_29)
FN:127,(anonymous_30)
FNF:15
FNH:0
FNDA:0,(anonymous_9)
FNDA:0,(anonymous_10)
FNDA:0,(anonymous_12)
FNDA:0,(anonymous_13)
FNDA:0,(anonymous_19)
FNDA:0,(anonymous_20)
FNDA:0,(anonymous_21)
FNDA:0,(anonymous_22)
FNDA:0,(anonymous_23)
FNDA:0,(anonymous_25)
FNDA:0,(anonymous_26)
FNDA:0,(anonymous_27)
FNDA:0,(anonymous_28)
FNDA:0,(anonymous_29)
FNDA:0,(anonymous_30)
DA:1,1
DA:2,1
DA:3,1
DA:9,0
DA:11,0
DA:14,0
DA:20,0
DA:21,0
DA:22,0
DA:23,0
DA:24,0
DA:28,0
DA:31,0
DA:32,0
DA:33,0
DA:34,0
DA:37,0
DA:38,0
DA:40,0
DA:41,0
DA:42,0
DA:44,0
DA:48,0
DA:52,0
DA:56,0
DA:60,0
DA:66,0
DA:71,0
DA:72,0
DA:75,0
DA:79,0
DA:82,0
DA:83,0
DA:85,0
DA:88,0
DA:89,0
DA:91,0
DA:94,0
DA:98,0
DA:101,0
DA:104,0
DA:107,0
DA:111,0
DA:112,0
DA:113,0
DA:115,0
DA:116,0
DA:118,0
DA:121,0
DA:122,0
DA:123,0
DA:127,0
LF:52
LH:3
BRDA:23,0,0,0
BRDA:23,0,1,0
BRDA:24,1,0,0
BRDA:24,1,1,0
BRDA:38,2,0,0
BRDA:38,2,1,0
BRDA:83,3,0,0
BRDA:83,3,1,0
BRDA:116,4,0,0
BRDA:116,4,1,0
BRDA:71,5,0,0
BRDA:71,5,1,0
BRF:12
BRH:0
end_of_record
TN:
SF:/Users/dancali/@/idancali/idancali.dev/react-chunky/src/data/operations/RetrieveUserOperation.js
FN:18,(anonymous_11)
FNF:1
FNH:0
FNDA:0,(anonymous_11)
DA:1,1
DA:2,1
DA:3,1
DA:4,1
DA:8,0
DA:12,0
DA:13,0
DA:14,0
DA:18,0
DA:21,0
DA:23,0
DA:28,0
DA:32,0
LF:13
LH:4
BRDA:8,0,0,0
BRDA:8,0,1,0
BRF:2
BRH:0
end_of_record
TN:
SF:/Users/dancali/@/idancali/idancali.dev/react-chunky/src/data/reducers/auth.js
FN:7,auth
FNF:1
FNH:1
FNDA:6,auth
DA:1,1
DA:7,6
DA:8,6
DA:10,0
DA:12,0
DA:14,0
DA:16,6
LF:7
LH:4
BRDA:7,0,0,0
BRDA:7,0,1,6
BRDA:7,1,0,6
BRDA:7,1,1,6
BRDA:9,2,0,0
BRDA:9,2,1,0
BRDA:9,2,2,0
BRDA:9,2,3,6
BRF:8
BRH:4
end_of_record
TN:
SF:/Users/dancali/@/idancali/idancali.dev/react-chunky/src/data/reducers/index.js
FN:9,reducers
FNF:1
FNH:1
FNDA:2,reducers
DA:1,1
DA:4,1
DA:5,1
DA:6,1
DA:9,2
LF:5
LH:5
BRF:0
BRH:0
end_of_record
TN:
SF:/Users/dancali/@/idancali/idancali.dev/react-chunky/src/data/reducers/user.js
FN:7,user
FNF:1
FNH:1
FNDA:6,user
DA:1,1
DA:7,6
DA:8,6
DA:10,0
DA:12,0
DA:14,0
DA:16,6
LF:7
LH:4
BRDA:7,0,0,0
BRDA:7,0,1,6
BRDA:7,1,0,6
BRDA:7,1,1,6
BRDA:9,2,0,0
BRDA:9,2,1,0
BRDA:9,2,2,0
BRDA:9,2,3,6
BRF:8
BRH:4
end_of_record
TN:
SF:/Users/dancali/@/idancali/idancali.dev/react-chunky/src/data/store/index.js
FN:14,store
FNF:1
FNH:1
FNDA:2,store
DA:1,1
DA:2,1
DA:3,1
DA:4,1
DA:5,1
DA:8,1
DA:11,1
DA:14,2
LF:8
LH:8
BRF:0
BRH:0
end_of_record
TN:
SF:/Users/dancali/@/idancali/idancali.dev/react-chunky/src/errors/api.js
FNF:0
FNH:0
DA:1,1
DA:4,1
DA:5,1
DA:6,1
DA:7,1
LF:5
LH:5
BRF:0
BRH:0
end_of_record
TN:
SF:/Users/dancali/@/idancali/idancali.dev/react-chunky/src/errors/generic.js
FN:4,COULD_NOT_RETRIEVE_CACHED_TOKEN
FN:5,COULD_NOT_CLEAR_CACHED_TOKEN
FN:6,COULD_NOT_CACHE_TOKEN
FN:7,COULD_NOT_RETRIEVE_CACHED_CLOUD_TOKEN
FN:8,COULD_NOT_CLEAR_CACHED_CLOUD_TOKEN
FN:9,COULD_NOT_CACHE_CLOUD_TOKEN
FN:10,UNABLE_TO_LOAD_APP
FN:11,UNABLE_TO_LOAD_ROUTE
FNF:8
FNH:1
FNDA:0,COULD_NOT_RETRIEVE_CACHED_TOKEN
FNDA:0,COULD_NOT_CLEAR_CACHED_TOKEN
FNDA:0,COULD_NOT_CACHE_TOKEN
FNDA:0,COULD_NOT_RETRIEVE_CACHED_CLOUD_TOKEN
FNDA:0,COULD_NOT_CLEAR_CACHED_CLOUD_TOKEN
FNDA:0,COULD_NOT_CACHE_CLOUD_TOKEN
FNDA:1,UNABLE_TO_LOAD_APP
FNDA:0,UNABLE_TO_LOAD_ROUTE
DA:1,1
DA:4,1
DA:5,1
DA:6,1
DA:7,1
DA:8,1
DA:9,1
DA:10,1
DA:11,1
LF:9
LH:9
BRF:0
BRH:0
end_of_record
TN:
SF:/Users/dancali/@/idancali/idancali.dev/react-chunky/src/errors/index.js
FN:1,(anonymous_0)
FN:2,(anonymous_2)
FNF:2
FNH:2
FNDA:9,(anonymous_0)
FNDA:4,(anonymous_2)
DA:1,17
DA:2,9
LF:2
LH:2
BRDA:1,0,0,8
BRDA:1,0,1,16
BRDA:2,1,0,4
BRDA:2,1,1,8
BRF:4
BRH:4
end_of_record
